Info [CEngine.cpp:349, CEngine::initWindow]: Initializing application window.
Info [CEngine.cpp:350, CEngine::initWindow]: Window width: 800.
Info [CEngine.cpp:351, CEngine::initWindow]: Window height: 600.
Info [CEngine.cpp:352, CEngine::initWindow]: Window title: CG 2015.
Info [CGlfwWindow.cpp:38, CGlfwWindow::init]: Creating GLFW window for OpenGL version 4.3.
Info [CDeferredRenderer.cpp:35, CDeferredRenderer::init]: Initializing deferred renderer.
Debug [CResourceManager.cpp:353, CResourceManager::loadShader]: Loading shader from file data/shader/deferred/geometry_pass.ini.
Debug [CResourceManager.cpp:402, CResourceManager::loadString]: Loading text from file data/shader/source/deferred/geometry_pass_vertex.glsl.
Debug [CResourceManager.cpp:402, CResourceManager::loadString]: Loading text from file data/shader/source/deferred/geometry_pass_fragment.glsl.
Info [CDeferredRenderer.cpp:1669, CDeferredRenderer::initGeometryPass]: GBuffer state: A user-defined FBO is bound and is complete. OK to render.
Debug [CResourceManager.cpp:353, CResourceManager::loadShader]: Loading shader from file data/shader/shadow_map_pass.ini.
Debug [CResourceManager.cpp:402, CResourceManager::loadString]: Loading text from file data/shader/source/deferred/shadow_map_pass_vertex.glsl.
Debug [CResourceManager.cpp:402, CResourceManager::loadString]: Loading text from file data/shader/source/deferred/shadow_map_pass_fragment.glsl.
Info [CDeferredRenderer.cpp:1810, CDeferredRenderer::initShadowMapPass]: Shadow map buffer state: A user-defined FBO is bound and is complete. OK to render.
Debug [CResourceManager.cpp:353, CResourceManager::loadShader]: Loading shader from file data/shader/shadow_cube_pass.ini.
Debug [CResourceManager.cpp:402, CResourceManager::loadString]: Loading text from file data/shader/source/deferred/shadow_cube_pass_vertex.glsl.
Debug [CResourceManager.cpp:402, CResourceManager::loadString]: Loading text from file data/shader/source/deferred/shadow_cube_pass_fragment.glsl.
Info [CDeferredRenderer.cpp:1751, CDeferredRenderer::initShadowCubePass]: Shadow cube buffer state: A user-defined FBO is bound and is complete. OK to render.
Debug [CResourceManager.cpp:353, CResourceManager::loadShader]: Loading shader from file data/shader/deferred/point_light_pass.ini.
Debug [CResourceManager.cpp:402, CResourceManager::loadString]: Loading text from file data/shader/source/deferred/point_light_pass_vertex.glsl.
Debug [CResourceManager.cpp:402, CResourceManager::loadString]: Loading text from file data/shader/source/deferred/point_light_pass_fragment.glsl.
Debug [CResourceManager.cpp:353, CResourceManager::loadShader]: Loading shader from file data/shader/deferred/directional_light_pass.ini.
Debug [CResourceManager.cpp:402, CResourceManager::loadString]: Loading text from file data/shader/source/deferred/directional_light_pass_vertex.glsl.
Debug [CResourceManager.cpp:402, CResourceManager::loadString]: Loading text from file data/shader/source/deferred/directional_light_pass_fragment.glsl.
Debug [CResourceManager.cpp:353, CResourceManager::loadShader]: Loading shader from file data/shader/deferred/illumination_pass.ini.
Debug [CResourceManager.cpp:402, CResourceManager::loadString]: Loading text from file data/shader/source/deferred/illumination_pass_vertex.glsl.
Debug [CResourceManager.cpp:402, CResourceManager::loadString]: Loading text from file data/shader/source/deferred/illumination_pass_fragment.glsl.
Debug [CResourceManager.cpp:353, CResourceManager::loadShader]: Loading shader from file data/shader/post/gauss_blur_horizontal_pass.ini.
Debug [CResourceManager.cpp:402, CResourceManager::loadString]: Loading text from file data/shader/source/post/gauss_blur_horizontal_vertex.glsl.
Debug [CResourceManager.cpp:402, CResourceManager::loadString]: Loading text from file data/shader/source/post/gauss_blur_horizontal_fragment.glsl.
Debug [CResourceManager.cpp:353, CResourceManager::loadShader]: Loading shader from file data/shader/post/gauss_blur_vertical_pass.ini.
Debug [CResourceManager.cpp:402, CResourceManager::loadString]: Loading text from file data/shader/source/post/gauss_blur_vertical_vertex.glsl.
Debug [CResourceManager.cpp:402, CResourceManager::loadString]: Loading text from file data/shader/source/post/gauss_blur_vertical_fragment.glsl.
Debug [CResourceManager.cpp:353, CResourceManager::loadShader]: Loading shader from file data/shader/post/fxaa_pass.ini.
Debug [CResourceManager.cpp:402, CResourceManager::loadString]: Loading text from file data/shader/source/post/fxaa_vertex.glsl.
Debug [CResourceManager.cpp:402, CResourceManager::loadString]: Loading text from file data/shader/source/post/fxaa_fragment.glsl.
Debug [CResourceManager.cpp:353, CResourceManager::loadShader]: Loading shader from file data/shader/post/fog_pass.ini.
Debug [CResourceManager.cpp:402, CResourceManager::loadString]: Loading text from file data/shader/source/post/fog_vertex.glsl.
Debug [CResourceManager.cpp:402, CResourceManager::loadString]: Loading text from file data/shader/source/post/fog_fragment.glsl.
Debug [CResourceManager.cpp:353, CResourceManager::loadShader]: Loading shader from file data/shader/post/god_ray_1_pass.ini.
Debug [CResourceManager.cpp:402, CResourceManager::loadString]: Loading text from file data/shader/source/post/god_ray_1_vertex.glsl.
Debug [CResourceManager.cpp:402, CResourceManager::loadString]: Loading text from file data/shader/source/post/god_ray_1_fragment.glsl.
Debug [CResourceManager.cpp:353, CResourceManager::loadShader]: Loading shader from file data/shader/post/god_ray_2_pass.ini.
Debug [CResourceManager.cpp:402, CResourceManager::loadString]: Loading text from file data/shader/source/post/god_ray_2_vertex.glsl.
Debug [CResourceManager.cpp:402, CResourceManager::loadString]: Loading text from file data/shader/source/post/god_ray_2_fragment.glsl.
Debug [CResourceManager.cpp:353, CResourceManager::loadShader]: Loading shader from file data/shader/post/depth_of_field_pass.ini.
Debug [CResourceManager.cpp:402, CResourceManager::loadString]: Loading text from file data/shader/source/post/depth_of_field_vertex.glsl.
Debug [CResourceManager.cpp:402, CResourceManager::loadString]: Loading text from file data/shader/source/post/depth_of_field_fragment.glsl.
Debug [CResourceManager.cpp:353, CResourceManager::loadShader]: Loading shader from file data/shader/post/vignette_blur_pass.ini.
Debug [CResourceManager.cpp:402, CResourceManager::loadString]: Loading text from file data/shader/source/post/vignette_blur_vertex.glsl.
Debug [CResourceManager.cpp:402, CResourceManager::loadString]: Loading text from file data/shader/source/post/vignette_blur_fragment.glsl.
Debug [CResourceManager.cpp:353, CResourceManager::loadShader]: Loading shader from file data/shader/post/bloom_1_pass.ini.
Debug [CResourceManager.cpp:402, CResourceManager::loadString]: Loading text from file data/shader/source/post/bloom_1_vertex.glsl.
Debug [CResourceManager.cpp:402, CResourceManager::loadString]: Loading text from file data/shader/source/post/bloom_1_fragment.glsl.
Debug [CResourceManager.cpp:353, CResourceManager::loadShader]: Loading shader from file data/shader/post/bloom_2_pass.ini.
Debug [CResourceManager.cpp:402, CResourceManager::loadString]: Loading text from file data/shader/source/post/bloom_2_vertex.glsl.
Debug [CResourceManager.cpp:402, CResourceManager::loadString]: Loading text from file data/shader/source/post/bloom_2_fragment.glsl.
Debug [CResourceManager.cpp:353, CResourceManager::loadShader]: Loading shader from file data/shader/post/lens_flare_pass.ini.
Debug [CResourceManager.cpp:402, CResourceManager::loadString]: Loading text from file data/shader/source/post/lensflare_vertex.glsl.
Debug [CResourceManager.cpp:402, CResourceManager::loadString]: Loading text from file data/shader/source/post/lensflare_fragment.glsl.
Debug [CResourceManager.cpp:353, CResourceManager::loadShader]: Loading shader from file data/shader/post/lens_flare_pass2.ini.
Debug [CResourceManager.cpp:402, CResourceManager::loadString]: Loading text from file data/shader/source/post/lensflare_vertex_2.glsl.
Debug [CResourceManager.cpp:402, CResourceManager::loadString]: Loading text from file data/shader/source/post/lensflare_fragment_2.glsl.
Debug [CResourceManager.cpp:353, CResourceManager::loadShader]: Loading shader from file data/shader/post/lens_flare_pass3.ini.
Debug [CResourceManager.cpp:402, CResourceManager::loadString]: Loading text from file data/shader/source/post/lensflare_vertex_3.glsl.
Debug [CResourceManager.cpp:402, CResourceManager::loadString]: Loading text from file data/shader/source/post/lensflare_fragment_3.glsl.
Debug [CResourceManager.cpp:353, CResourceManager::loadShader]: Loading shader from file data/shader/post/tonemap_pass.ini.
Debug [CResourceManager.cpp:402, CResourceManager::loadString]: Loading text from file data/shader/source/post/tonemap_vertex.glsl.
Debug [CResourceManager.cpp:402, CResourceManager::loadString]: Loading text from file data/shader/source/post/tonemap_fragment.glsl.
Debug [CResourceManager.cpp:353, CResourceManager::loadShader]: Loading shader from file data/shader/display_pass.ini.
Debug [CResourceManager.cpp:402, CResourceManager::loadString]: Loading text from file data/shader/source/display_pass_vertex.glsl.
Debug [CResourceManager.cpp:402, CResourceManager::loadString]: Loading text from file data/shader/source/display_pass_fragment.glsl.
Debug [CResourceManager.cpp:353, CResourceManager::loadShader]: Loading shader from file data/shader/compose_screenquad.ini.
Debug [CResourceManager.cpp:402, CResourceManager::loadString]: Loading text from file data/shader/source/post/empty_vertex.glsl.
Debug [CResourceManager.cpp:402, CResourceManager::loadString]: Loading text from file data/shader/source/post/default_fragment.glsl.
Debug [CResourceManager.cpp:402, CResourceManager::loadString]: Loading text from file data/shader/source/post/screenquad_geometry.glsl.
Debug [CResourceManager.cpp:353, CResourceManager::loadShader]: Loading shader from file data/shader/debug/visualize_depth_buffer_pass.ini.
Debug [CResourceManager.cpp:402, CResourceManager::loadString]: Loading text from file data/shader/source/debug/visualize_depth_buffer_vertex.glsl.
Debug [CResourceManager.cpp:402, CResourceManager::loadString]: Loading text from file data/shader/source/debug/visualize_depth_buffer_fragment.glsl.
Debug [CResourceManager.cpp:353, CResourceManager::loadShader]: Loading shader from file data/shader/forward_test_0.ini.
Debug [CResourceManager.cpp:402, CResourceManager::loadString]: Loading text from file data/shader/source/vertex_passthrough.glsl.
Debug [CResourceManager.cpp:402, CResourceManager::loadString]: Loading text from file data/shader/source/fragment_test.glsl.
Debug [CResourceManager.cpp:353, CResourceManager::loadShader]: Loading shader from file data/shader/shader_display_text.ini.
Debug [CResourceManager.cpp:402, CResourceManager::loadString]: Loading text from file data/shader/source/display_text_vertex.glsl.
Debug [CResourceManager.cpp:402, CResourceManager::loadString]: Loading text from file data/shader/source/display_text_fragment.glsl.
Debug [CResourceManager.cpp:353, CResourceManager::loadShader]: Loading shader from file data/shader/shader_display_overlay.ini.
Debug [CResourceManager.cpp:402, CResourceManager::loadString]: Loading text from file data/shader/source/display_overlay_vertex.glsl.
Debug [CResourceManager.cpp:402, CResourceManager::loadString]: Loading text from file data/shader/source/display_overlay_fragment.glsl.
Debug [CGameSystem.cpp:16, CGameSystem::CGameSystem]: Game system created.
Debug [CGameSystem.cpp:83, CGameSystem::addState]: Added game state title to game system.
Debug [CGameSystem.cpp:83, CGameSystem::addState]: Added game state game to game system.
Debug [CGameSystem.cpp:83, CGameSystem::addState]: Added game state lose to game system.
Debug [CGameSystem.cpp:83, CGameSystem::addState]: Added game state win to game system.
Debug [CGameSystem.cpp:50, CGameSystem::init]: Initializing game system.
Debug [CGameSystem.cpp:51, CGameSystem::init]: Game system initial state set to title.
Info [CWinState.cpp:43, CWinState::init]: Loading scene from file data/world/win.json.
Debug [CResourceManager.cpp:186, CResourceManager::loadMaterial]: Loading material from file data/material/metallic_galvanized.json.
Error [JsonDeserialize.cpp:187, deserialize]: Node is empty.
Error [JsonDeserialize.cpp:187, deserialize]: Node is empty.
Error [JsonDeserialize.cpp:187, deserialize]: Node is empty.
Error [JsonDeserialize.cpp:187, deserialize]: Node is empty.
Debug [CResourceManager.cpp:186, CResourceManager::loadMaterial]: Loading material from file data/material/white.json.
Error [JsonDeserialize.cpp:187, deserialize]: Node is empty.
Error [JsonDeserialize.cpp:187, deserialize]: Node is empty.
Error [JsonDeserialize.cpp:187, deserialize]: Node is empty.
Error [JsonDeserialize.cpp:187, deserialize]: Node is empty.
Debug [CResourceManager.cpp:186, CResourceManager::loadMaterial]: Loading material from file data/material/skybox_2.json.
Error [JsonDeserialize.cpp:187, deserialize]: Node is empty.
Error [JsonDeserialize.cpp:187, deserialize]: Node is empty.
Error [JsonDeserialize.cpp:187, deserialize]: Node is empty.
Debug [CResourceManager.cpp:186, CResourceManager::loadMaterial]: Loading material from file data/material/stone_1.json.
Error [JsonDeserialize.cpp:187, deserialize]: Node is empty.
Error [JsonDeserialize.cpp:187, deserialize]: Node is empty.
Info [CSceneLoader.cpp:165, CSceneLoader::loadPointLights]: Missing or empty 'point_lights' node. No point lights are loaded.
Info [CTitleState.cpp:43, CTitleState::init]: Loading scene from file data/world/intro_1.json.
Debug [CResourceManager.cpp:186, CResourceManager::loadMaterial]: Loading material from file data/material/line_metal.json.
Error [JsonDeserialize.cpp:187, deserialize]: Node is empty.
Error [JsonDeserialize.cpp:187, deserialize]: Node is empty.
Info [CSceneLoader.cpp:165, CSceneLoader::loadPointLights]: Missing or empty 'point_lights' node. No point lights are loaded.
Debug [CResourceManager.cpp:186, CResourceManager::loadMaterial]: Loading material from file data/material/sand.json.
Error [JsonDeserialize.cpp:187, deserialize]: Node is empty.
Error [JsonDeserialize.cpp:187, deserialize]: Node is empty.
Error [JsonDeserialize.cpp:187, deserialize]: Node is empty.
Debug [CResourceManager.cpp:186, CResourceManager::loadMaterial]: Loading material from file data/material/stone_lava.json.
Error [JsonDeserialize.cpp:187, deserialize]: Node is empty.
Error [JsonDeserialize.cpp:187, deserialize]: Node is empty.
Error [JsonDeserialize.cpp:187, deserialize]: Node is empty.
Info [CSceneLoader.cpp:165, CSceneLoader::loadPointLights]: Missing or empty 'point_lights' node. No point lights are loaded.
Debug [CResourceManager.cpp:186, CResourceManager::loadMaterial]: Loading material from file data/material/white_glowing.json.
Error [JsonDeserialize.cpp:187, deserialize]: Node is empty.
Error [JsonDeserialize.cpp:187, deserialize]: Node is empty.
Error [JsonDeserialize.cpp:187, deserialize]: Node is empty.
Debug [CResourceManager.cpp:186, CResourceManager::loadMaterial]: Loading material from file data/material/mothership.json.
Error [JsonDeserialize.cpp:187, deserialize]: Node is empty.
Error [JsonDeserialize.cpp:187, deserialize]: Node is empty.
Debug [CResourceManager.cpp:186, CResourceManager::loadMaterial]: Loading material from file data/material/enemy.json.
Error [JsonDeserialize.cpp:187, deserialize]: Node is empty.
Error [JsonDeserialize.cpp:187, deserialize]: Node is empty.
Error [JsonDeserialize.cpp:187, deserialize]: Node is empty.
Info [CLoseState.cpp:43, CLoseState::init]: Loading scene from file data/world/lose.json.
Info [CSceneLoader.cpp:165, CSceneLoader::loadPointLights]: Missing or empty 'point_lights' node. No point lights are loaded.
Error [CShaderProgram.cpp:166, CShaderProgram::getUniformLocation]: Failed to retrieve uniform name alpha_texture from shader program.
Error [CShaderProgram.cpp:166, CShaderProgram::getUniformLocation]: Failed to retrieve uniform name rotation from shader program.
Error [CShaderProgram.cpp:166, CShaderProgram::getUniformLocation]: Failed to retrieve uniform name diffuse_texture from shader program.
Error [CShaderProgram.cpp:166, CShaderProgram::getUniformLocation]: Failed to retrieve uniform name normal_texture from shader program.
Error [CShaderProgram.cpp:166, CShaderProgram::getUniformLocation]: Failed to retrieve uniform name specular_texture from shader program.
Error [CShaderProgram.cpp:166, CShaderProgram::getUniformLocation]: Failed to retrieve uniform name glow_texture from shader program.
Error [CShaderProgram.cpp:166, CShaderProgram::getUniformLocation]: Failed to retrieve uniform name alpha_texture from shader program.
Error [CShaderProgram.cpp:166, CShaderProgram::getUniformLocation]: Failed to retrieve uniform name depth_texture from shader program.
Error [CShaderProgram.cpp:166, CShaderProgram::getUniformLocation]: Failed to retrieve uniform name scene_texture from shader program.
Error [CShaderProgram.cpp:166, CShaderProgram::getUniformLocation]: Failed to retrieve uniform name scene_texture from shader program.
Debug [CGameSystem.cpp:9, CGameSystem::~CGameSystem]: Game system destroyed.
Debug [CEngine.cpp:62, CEngine::~CEngine]: Profiler info: [Profile data]

